<?xml version="1.0" encoding="UTF-8"?>
<testng-results ignored="0" total="1" passed="1" failed="0" skipped="0">
  <reporter-output>
  </reporter-output>
  <suite started-at="2023-03-24T07:39:29 IST" name="Default suite" finished-at="2023-03-24T07:40:40 IST" duration-ms="70798">
    <groups>
    </groups>
    <test started-at="2023-03-24T07:39:29 IST" name="Default test" finished-at="2023-03-24T07:40:40 IST" duration-ms="70798">
      <class name="testScript.Test">
        <test-method is-config="true" signature="resetDriver()[pri:0, instance:testScript.Test@272113c4]" started-at="2023-03-24T07:39:24 IST" name="resetDriver" finished-at="2023-03-24T07:39:29 IST" duration-ms="4638" status="PASS">
          <reporter-output>
          </reporter-output>
        </test-method> <!-- resetDriver -->
        <test-method is-config="true" signature="initialize()[pri:0, instance:testScript.Test@272113c4]" started-at="2023-03-24T07:39:29 IST" name="initialize" finished-at="2023-03-24T07:39:29 IST" duration-ms="23" status="PASS">
          <reporter-output>
          </reporter-output>
        </test-method> <!-- initialize -->
        <test-method signature="takeTest()[pri:0, instance:testScript.Test@272113c4]" started-at="2023-03-24T07:39:29 IST" name="takeTest" finished-at="2023-03-24T07:40:40 IST" duration-ms="70754" status="PASS">
          <reporter-output>
          </reporter-output>
        </test-method> <!-- takeTest -->
        <test-method is-config="true" signature="closeDriver()[pri:0, instance:testScript.Test@272113c4]" started-at="2023-03-24T07:40:40 IST" name="closeDriver" finished-at="2023-03-24T07:40:40 IST" duration-ms="181" status="PASS">
          <reporter-output>
          </reporter-output>
        </test-method> <!-- closeDriver -->
      </class> <!-- testScript.Test -->
    </test> <!-- Default test -->
  </suite> <!-- Default suite -->
</testng-results>
